Server started on port 5000
[0mGET / [32m200 [0m15.039 ms - 1101[0m
[0mGET / [32m200 [0m15.039 ms - 1101[0m
[0mGET / [32m200 [0m15.039 ms - 1101[0m
[0mGET /plugins/fastclick/fastclick.js [32m200 [0m6.208 ms - 26806[0m
[0mGET /plugins/fastclick/fastclick.js [32m200 [0m6.208 ms - 26806[0m
[0mGET /plugins/fastclick/fastclick.js [32m200 [0m6.208 ms - 26806[0m
[0mGET /plugins/jquery/jquery.min.js [32m200 [0m5.154 ms - 88147[0m
[0mGET /plugins/jquery/jquery.min.js [32m200 [0m5.154 ms - 88147[0m
[0mGET /plugins/jquery/jquery.min.js [32m200 [0m5.154 ms - 88147[0m
[0mGET /plugins/bootstrap/js/bootstrap.bundle.min.js [32m200 [0m5.918 ms - 78641[0m
[0mGET /plugins/bootstrap/js/bootstrap.bundle.min.js [32m200 [0m5.918 ms - 78641[0m
[0mGET /plugins/bootstrap/js/bootstrap.bundle.min.js [32m200 [0m5.918 ms - 78641[0m
[0mGET /plugins/fontawesome-free/css/all.min.css [32m200 [0m11.066 ms - 55971[0m
[0mGET /plugins/fontawesome-free/css/all.min.css [32m200 [0m11.066 ms - 55971[0m
[0mGET /plugins/fontawesome-free/css/all.min.css [32m200 [0m11.066 ms - 55971[0m
[0mGET /dist/js/adminlte.min.js [32m200 [0m1.300 ms - 12743[0m
[0mGET /dist/js/adminlte.min.js [32m200 [0m1.300 ms - 12743[0m
[0mGET /dist/js/adminlte.min.js [32m200 [0m1.300 ms - 12743[0m
[0mGET /dist/css/adminlte.min.css [32m200 [0m10.859 ms - 391401[0m
[0mGET /dist/css/adminlte.min.css [32m200 [0m10.859 ms - 391401[0m
[0mGET /dist/css/adminlte.min.css [32m200 [0m10.859 ms - 391401[0m
[0mGET /dist/js/demo.js [32m200 [0m1.827 ms - 6162[0m
[0mGET /dist/js/demo.js [32m200 [0m1.827 ms - 6162[0m
[0mGET /dist/js/demo.js [32m200 [0m1.827 ms - 6162[0m
[0mGET /static/js/main.5ac59de6.js [32m200 [0m2.490 ms - 1001587[0m
[0mGET /static/js/main.5ac59de6.js [32m200 [0m2.490 ms - 1001587[0m
[0mGET /static/js/main.5ac59de6.js [32m200 [0m2.490 ms - 1001587[0m
[0mGET /static/css/main.0bb73209.css [32m200 [0m23.631 ms - 6237[0m
[0mGET /static/css/main.0bb73209.css [32m200 [0m23.631 ms - 6237[0m
[0mGET /static/css/main.0bb73209.css [32m200 [0m23.631 ms - 6237[0m
[0mGET /dist/img/AdminLTELogo.png [32m200 [0m2.929 ms - 10380[0m
[0mGET /dist/img/AdminLTELogo.png [32m200 [0m2.929 ms - 10380[0m
[0mGET /dist/img/AdminLTELogo.png [32m200 [0m2.929 ms - 10380[0m
[0mGET /dist/img/user2-160x160.jpg [32m200 [0m6.460 ms - 7070[0m
[0mGET /dist/img/user2-160x160.jpg [32m200 [0m6.460 ms - 7070[0m
[0mGET /dist/img/user2-160x160.jpg [32m200 [0m6.460 ms - 7070[0m
[0mGET /plugins/fontawesome-free/webfonts/fa-regular-400.woff2 [32m200 [0m7.929 ms - 13580[0m
[0mGET /plugins/fontawesome-free/webfonts/fa-regular-400.woff2 [32m200 [0m7.929 ms - 13580[0m
[0mGET /plugins/fontawesome-free/webfonts/fa-regular-400.woff2 [32m200 [0m7.929 ms - 13580[0m
[0mGET /plugins/fontawesome-free/webfonts/fa-solid-900.woff2 [32m200 [0m8.799 ms - 75440[0m
[0mGET /plugins/fontawesome-free/webfonts/fa-solid-900.woff2 [32m200 [0m8.799 ms - 75440[0m
[0mGET /plugins/fontawesome-free/webfonts/fa-solid-900.woff2 [32m200 [0m8.799 ms - 75440[0m
[0mGET /plugins/fontawesome-free/webfonts/fa-brands-400.woff2 [32m200 [0m11.158 ms - 74508[0m
[0mGET /plugins/fontawesome-free/webfonts/fa-brands-400.woff2 [32m200 [0m11.158 ms - 74508[0m
[0mGET /plugins/fontawesome-free/webfonts/fa-brands-400.woff2 [32m200 [0m11.158 ms - 74508[0m
[0mGET /favicon.ico [32m200 [0m6.650 ms - 24838[0m
[0mGET /favicon.ico [32m200 [0m6.650 ms - 24838[0m
[0mGET /favicon.ico [32m200 [0m6.650 ms - 24838[0m
Executing (default): SELECT [Bom].[id], [Bom].[name], [Bom].[active], [Bom].[productQty], [Bom].[productUom], [Bom].[createdAt], [Bom].[updatedAt], [Bom].[ProductId], [Bom].[RoutingId], [Product].[id] AS [Product.id], [Product].[code] AS [Product.code], [Product].[name] AS [Product.name], [Product].[description] AS [Product.description], [Product].[type] AS [Product.type], [Product].[listPrice] AS [Product.listPrice], [Product].[active] AS [Product.active], [Product].[saleOk] AS [Product.saleOk], [Product].[imageUrl] AS [Product.imageUrl], [Product].[purchaseOk] AS [Product.purchaseOk], [Product].[createdAt] AS [Product.createdAt], [Product].[updatedAt] AS [Product.updatedAt], [Product].[ProductCategoryId] AS [Product.ProductCategoryId], [Routing].[id] AS [Routing.id], [Routing].[code] AS [Routing.code], [Routing].[name] AS [Routing.name], [Routing].[active] AS [Routing.active], [Routing].[note] AS [Routing.note], [Routing].[createdAt] AS [Routing.createdAt], [Routing].[updatedAt] AS [Routing.updatedAt] FROM [Boms] AS [Bom] LEFT OUTER JOIN [Products] AS [Product] ON [Bom].[ProductId] = [Product].[id] LEFT OUTER JOIN [Routings] AS [Routing] ON [Bom].[RoutingId] = [Routing].[id] ORDER BY [Bom].[createdAt] DESC;
[0mGET /api/v1/boms [32m200 [0m104.800 ms - 4815[0m
[0mGET /api/v1/boms [32m200 [0m104.800 ms - 4815[0m
[0mGET /api/v1/boms [32m200 [0m104.800 ms - 4815[0m
